--------------------------------------------------------------------------------------
      name:  <unnamed>
       log:  /Users/ted/Dropbox/PhD/Research/coastal/Zillow/ztrax_FL/Econ_paper/Analys
> is/Data/Main_flood.log
  log type:  text
 opened on:  15 Aug 2025, 17:44:53

. 
end of do-file

. do "/var/folders/ph/l_hg04nd45n88y9d03_ptbqr0000gn/T//SD09666.000000"

. ***Table A.3: Effect of Mangroves on Prices by Flood Risk
. global HM      hurbeforemang  huryearmang huraftermang

. 
.                 **Option 1: use generalized hurricane
. 
. eststo: xi: reghdfe salespriceamount_log $HM if salescount <= 22 & low_floodrisk ==1
> , absorb(houseid   month#year) vce(cluster  year#month) 
(dropped 416908 singleton observations)
(MWFE estimator converged in 9 iterations)

HDFE Linear regression                            Number of obs   =  2,078,400
Absorbing 2 HDFE groups                           F(   3,    323) =      36.93
Statistics robust to heteroskedasticity           Prob > F        =     0.0000
                                                  R-squared       =     0.7741
                                                  Adj R-squared   =     0.6700
                                                  Within R-sq.    =     0.0007
Number of clusters (year#month) =        324      Root MSE        =     0.6248

                            (Std. err. adjusted for 324 clusters in year#month)
-------------------------------------------------------------------------------
              |               Robust
salespricea~g | Coefficient  std. err.      t    P>|t|     [95% conf. interval]
--------------+----------------------------------------------------------------
hurbeforemang |  -.0325366   .0040578    -8.02   0.000    -.0405198   -.0245535
  huryearmang |   .0005698    .005129     0.11   0.912    -.0095206    .0106603
 huraftermang |  -.0130041   .0027579    -4.72   0.000    -.0184298   -.0075783
        _cons |   11.79546   .0051719  2280.68   0.000     11.78529    11.80564
-------------------------------------------------------------------------------

Absorbed degrees of freedom:
------------------------------------------------------+
  Absorbed FE | Categories  - Redundant  = Num. Coefs |
--------------+---------------------------------------|
      houseid |    655320           0      655320     |
   month#year |       324         324           0    *|
------------------------------------------------------+
* = FE nested within cluster; treated as redundant for DoF computation
(est4 stored)

. // *============================*
. // * Linear combination LOW FLOOD RISK
. // *============================*
.         lincom huryearmang 

 ( 1)  huryearmang = 0

------------------------------------------------------------------------------
salesprice~g | Coefficient  Std. err.      t    P>|t|     [95% conf. interval]
-------------+----------------------------------------------------------------
         (1) |   .0005698    .005129     0.11   0.912    -.0095206    .0106603
------------------------------------------------------------------------------

.         lincom huryearmang*2

 ( 1)  2*huryearmang = 0

------------------------------------------------------------------------------
salesprice~g | Coefficient  Std. err.      t    P>|t|     [95% conf. interval]
-------------+----------------------------------------------------------------
         (1) |   .0011396    .010258     0.11   0.912    -.0190412    .0213205
------------------------------------------------------------------------------

.         lincom huryearmang*4 

 ( 1)  4*huryearmang = 0

------------------------------------------------------------------------------
salesprice~g | Coefficient  Std. err.      t    P>|t|     [95% conf. interval]
-------------+----------------------------------------------------------------
         (1) |   .0022793    .020516     0.11   0.912    -.0380825     .042641
------------------------------------------------------------------------------

. 
.         lincom huraftermang

 ( 1)  huraftermang = 0

------------------------------------------------------------------------------
salesprice~g | Coefficient  Std. err.      t    P>|t|     [95% conf. interval]
-------------+----------------------------------------------------------------
         (1) |  -.0130041   .0027579    -4.72   0.000    -.0184298   -.0075783
------------------------------------------------------------------------------

.         lincom huraftermang*2

 ( 1)  2*huraftermang = 0

------------------------------------------------------------------------------
salesprice~g | Coefficient  Std. err.      t    P>|t|     [95% conf. interval]
-------------+----------------------------------------------------------------
         (1) |  -.0260081   .0055159    -4.72   0.000    -.0368597   -.0151566
------------------------------------------------------------------------------

.         lincom huraftermang*4

 ( 1)  4*huraftermang = 0

------------------------------------------------------------------------------
salesprice~g | Coefficient  Std. err.      t    P>|t|     [95% conf. interval]
-------------+----------------------------------------------------------------
         (1) |  -.0520163   .0110317    -4.72   0.000    -.0737193   -.0303132
------------------------------------------------------------------------------

. 
. eststo: xi: reghdfe salespriceamount_log $HM    if salescount <= 22 & floodzone==0  
>   & mid_floodrisk ==1, absorb(houseid   month#year) vce(cluster  year#month) 
(dropped 185157 singleton observations)
(MWFE estimator converged in 8 iterations)

HDFE Linear regression                            Number of obs   =  1,171,460
Absorbing 2 HDFE groups                           F(   3,    323) =      15.63
Statistics robust to heteroskedasticity           Prob > F        =     0.0000
                                                  R-squared       =     0.7138
                                                  Adj R-squared   =     0.5909
                                                  Within R-sq.    =     0.0003
Number of clusters (year#month) =        324      Root MSE        =     0.6081

                            (Std. err. adjusted for 324 clusters in year#month)
-------------------------------------------------------------------------------
              |               Robust
salespricea~g | Coefficient  std. err.      t    P>|t|     [95% conf. interval]
--------------+----------------------------------------------------------------
hurbeforemang |   .0004249   .0028699     0.15   0.882    -.0052212    .0060711
  huryearmang |  -.0147749    .003146    -4.70   0.000    -.0209641   -.0085858
 huraftermang |  -.0178075   .0031614    -5.63   0.000     -.024027    -.011588
        _cons |   12.01375   .0051948  2312.67   0.000     12.00353    12.02397
-------------------------------------------------------------------------------

Absorbed degrees of freedom:
------------------------------------------------------+
  Absorbed FE | Categories  - Redundant  = Num. Coefs |
--------------+---------------------------------------|
      houseid |    351547           0      351547     |
   month#year |       324         324           0    *|
------------------------------------------------------+
* = FE nested within cluster; treated as redundant for DoF computation
(est5 stored)

. // *============================*
. // * Linear combination MID FLOOD RISK
. // *============================*
.         lincom huryearmang 

 ( 1)  huryearmang = 0

------------------------------------------------------------------------------
salesprice~g | Coefficient  Std. err.      t    P>|t|     [95% conf. interval]
-------------+----------------------------------------------------------------
         (1) |  -.0147749    .003146    -4.70   0.000    -.0209641   -.0085858
------------------------------------------------------------------------------

.         lincom huryearmang*2

 ( 1)  2*huryearmang = 0

------------------------------------------------------------------------------
salesprice~g | Coefficient  Std. err.      t    P>|t|     [95% conf. interval]
-------------+----------------------------------------------------------------
         (1) |  -.0295498   .0062919    -4.70   0.000    -.0419282   -.0171715
------------------------------------------------------------------------------

.         lincom huryearmang*4 

 ( 1)  4*huryearmang = 0

------------------------------------------------------------------------------
salesprice~g | Coefficient  Std. err.      t    P>|t|     [95% conf. interval]
-------------+----------------------------------------------------------------
         (1) |  -.0590997   .0125838    -4.70   0.000    -.0838563   -.0343431
------------------------------------------------------------------------------

. 
.         lincom huraftermang

 ( 1)  huraftermang = 0

------------------------------------------------------------------------------
salesprice~g | Coefficient  Std. err.      t    P>|t|     [95% conf. interval]
-------------+----------------------------------------------------------------
         (1) |  -.0178075   .0031614    -5.63   0.000     -.024027    -.011588
------------------------------------------------------------------------------

.         lincom huraftermang*2

 ( 1)  2*huraftermang = 0

------------------------------------------------------------------------------
salesprice~g | Coefficient  Std. err.      t    P>|t|     [95% conf. interval]
-------------+----------------------------------------------------------------
         (1) |   -.035615   .0063228    -5.63   0.000    -.0480539    -.023176
------------------------------------------------------------------------------

.         lincom huraftermang*4

 ( 1)  4*huraftermang = 0

------------------------------------------------------------------------------
salesprice~g | Coefficient  Std. err.      t    P>|t|     [95% conf. interval]
-------------+----------------------------------------------------------------
         (1) |  -.0712299   .0126455    -5.63   0.000    -.0961079   -.0463519
------------------------------------------------------------------------------

. 
. eststo: xi: reghdfe salespriceamount_log $HM if salescount <= 22 & high_floodrisk ==
> 1, absorb(houseid   month#year) vce(cluster  year#month) 
(dropped 150807 singleton observations)
(MWFE estimator converged in 8 iterations)

HDFE Linear regression                            Number of obs   =    798,326
Absorbing 2 HDFE groups                           F(   3,    323) =      85.10
Statistics robust to heteroskedasticity           Prob > F        =     0.0000
                                                  R-squared       =     0.8061
                                                  Adj R-squared   =     0.7215
                                                  Within R-sq.    =     0.0018
Number of clusters (year#month) =        324      Root MSE        =     0.6176

                            (Std. err. adjusted for 324 clusters in year#month)
-------------------------------------------------------------------------------
              |               Robust
salespricea~g | Coefficient  std. err.      t    P>|t|     [95% conf. interval]
--------------+----------------------------------------------------------------
hurbeforemang |  -.0517602   .0037127   -13.94   0.000    -.0590643   -.0444561
  huryearmang |   .0015217   .0033368     0.46   0.649    -.0050429    .0080862
 huraftermang |  -.0414806   .0035864   -11.57   0.000    -.0485362    -.034425
        _cons |   12.00635   .0034489  3481.21   0.000     11.99957    12.01314
-------------------------------------------------------------------------------

Absorbed degrees of freedom:
------------------------------------------------------+
  Absorbed FE | Categories  - Redundant  = Num. Coefs |
--------------+---------------------------------------|
      houseid |    242125           0      242125     |
   month#year |       324         324           0    *|
------------------------------------------------------+
* = FE nested within cluster; treated as redundant for DoF computation
(est6 stored)

. // *============================*
. // * Linear combination HIGH FLOOD RISK
. // *============================*
.         lincom huryearmang 

 ( 1)  huryearmang = 0

------------------------------------------------------------------------------
salesprice~g | Coefficient  Std. err.      t    P>|t|     [95% conf. interval]
-------------+----------------------------------------------------------------
         (1) |   .0015217   .0033368     0.46   0.649    -.0050429    .0080862
------------------------------------------------------------------------------

.         lincom huryearmang*2

 ( 1)  2*huryearmang = 0

------------------------------------------------------------------------------
salesprice~g | Coefficient  Std. err.      t    P>|t|     [95% conf. interval]
-------------+----------------------------------------------------------------
         (1) |   .0030433   .0066735     0.46   0.649    -.0100857    .0161723
------------------------------------------------------------------------------

.         lincom huryearmang*4 

 ( 1)  4*huryearmang = 0

------------------------------------------------------------------------------
salesprice~g | Coefficient  Std. err.      t    P>|t|     [95% conf. interval]
-------------+----------------------------------------------------------------
         (1) |   .0060866    .013347     0.46   0.649    -.0201714    .0323447
------------------------------------------------------------------------------

. 
.         lincom huraftermang

 ( 1)  huraftermang = 0

------------------------------------------------------------------------------
salesprice~g | Coefficient  Std. err.      t    P>|t|     [95% conf. interval]
-------------+----------------------------------------------------------------
         (1) |  -.0414806   .0035864   -11.57   0.000    -.0485362    -.034425
------------------------------------------------------------------------------

.         lincom huraftermang*2

 ( 1)  2*huraftermang = 0

------------------------------------------------------------------------------
salesprice~g | Coefficient  Std. err.      t    P>|t|     [95% conf. interval]
-------------+----------------------------------------------------------------
         (1) |  -.0829612   .0071728   -11.57   0.000    -.0970724     -.06885
------------------------------------------------------------------------------

.         lincom huraftermang*4

 ( 1)  4*huraftermang = 0

------------------------------------------------------------------------------
salesprice~g | Coefficient  Std. err.      t    P>|t|     [95% conf. interval]
-------------+----------------------------------------------------------------
         (1) |  -.1659224   .0143455   -11.57   0.000    -.1941448   -.1376999
------------------------------------------------------------------------------

. 
. log close
      name:  <unnamed>
       log:  /Users/ted/Dropbox/PhD/Research/coastal/Zillow/ztrax_FL/Econ_paper/Analys
> is/Data/Main_flood.log
  log type:  text
 closed on:  15 Aug 2025, 17:45:33
--------------------------------------------------------------------------------------
